<?xml version="1.0" encoding="UTF-8"?>
<!-- Generated by org.testng.reporters.JUnitReportReporter -->
<testsuite skipped="1" hostname="USHYDSHMURAL5" name="com.DEvents.tests.TestAPI_GetParticipants" tests="6" failures="0" timestamp="2019-11-20T19:27:07 IST" time="1.228" errors="0">
  <testcase name="checkResponseTime" time="0.000" classname="com.DEvents.tests.TestAPI_GetParticipants"/>
  <testcase name="validateJSONSchema" time="1.223" classname="com.DEvents.tests.TestAPI_GetParticipants"/>
  <testcase name="checkContentType" time="0.002" classname="com.DEvents.tests.TestAPI_GetParticipants"/>
  <testcase name="checkStatusCode" time="0.000" classname="com.DEvents.tests.TestAPI_GetParticipants"/>
  <testcase name="checkContentEncoding" time="0.003" classname="com.DEvents.tests.TestAPI_GetParticipants"/>
  <testcase name="checkResponseBody" classname="com.DEvents.tests.TestAPI_GetParticipants">
    <skipped/>
  </testcase> <!-- checkResponseBody -->
</testsuite> <!-- com.DEvents.tests.TestAPI_GetParticipants -->
