<?xml version="1.0" encoding="UTF-8"?>
<!-- Generated by org.testng.reporters.JUnitReportReporter -->
<testsuite skipped="0" hostname="USHYDSHMURAL5" name="com.DEvents.tests.TestAPI_GetParticipants" tests="6" failures="0" timestamp="2019-11-12T11:49:31 IST" time="22.320" errors="1">
  <testcase name="checkResponseBody" time="21.273" classname="com.DEvents.tests.TestAPI_GetParticipants">
    <error type="java.lang.IllegalStateException" message="DB hit failed.">
      <![CDATA[java.lang.IllegalStateException: DB hit failed.
at com.DEvents.coreFramework.DBConnectivity.dbResultSet2xlsx(DBConnectivity.java:164)
at com.DEvents.tests.TestAPI_GetParticipants.checkResponseBody(TestAPI_GetParticipants.java:115)
at sun.reflect.NativeMethodAccessorImpl.invoke0(Native Method)
at sun.reflect.NativeMethodAccessorImpl.invoke(NativeMethodAccessorImpl.java:62)
at sun.reflect.DelegatingMethodAccessorImpl.invoke(DelegatingMethodAccessorImpl.java:43)
at java.lang.reflect.Method.invoke(Method.java:498)
at org.testng.internal.MethodInvocationHelper.invokeMethod(MethodInvocationHelper.java:133)
at org.testng.internal.TestInvoker.invokeMethod(TestInvoker.java:584)
at org.testng.internal.TestInvoker.invokeTestMethod(TestInvoker.java:172)
at org.testng.internal.MethodRunner.runInSequence(MethodRunner.java:46)
at org.testng.internal.TestInvoker$MethodInvocationAgent.invoke(TestInvoker.java:804)
at org.testng.internal.TestInvoker.invokeTestMethods(TestInvoker.java:145)
at org.testng.internal.TestMethodWorker.invokeTestMethods(TestMethodWorker.java:146)
at org.testng.internal.TestMethodWorker.run(TestMethodWorker.java:128)
at java.util.concurrent.ThreadPoolExecutor.runWorker(ThreadPoolExecutor.java:1149)
at java.util.concurrent.ThreadPoolExecutor$Worker.run(ThreadPoolExecutor.java:624)
at java.lang.Thread.run(Thread.java:748)
]]>
    </error>
  </testcase> <!-- checkResponseBody -->
  <testcase name="validateJSONSchema" time="1.045" classname="com.DEvents.tests.TestAPI_GetParticipants"/>
  <testcase name="checkContentEncoding" time="0.002" classname="com.DEvents.tests.TestAPI_GetParticipants"/>
  <testcase name="checkContentType" time="0.000" classname="com.DEvents.tests.TestAPI_GetParticipants"/>
  <testcase name="checkResponseTime" time="0.000" classname="com.DEvents.tests.TestAPI_GetParticipants"/>
  <testcase name="checkStatusCode" time="0.000" classname="com.DEvents.tests.TestAPI_GetParticipants"/>
</testsuite> <!-- com.DEvents.tests.TestAPI_GetParticipants -->
